<?xml version="1.0" encoding="UTF-8"?>
<!-- Generated by org.testng.reporters.JUnitXMLReporter -->
<testsuite ignored="3" hostname="Israel" failures="0" tests="0" time="20.9" errors="0" timestamp="2023-11-01T09:07:41 WAT">
  <testcase classname="com.qa.test.LoginTestcases" name="successfulLogin" time="0.0">
    <ignored/>
  </testcase> <!-- successfulLogin -->
  <testcase classname="com.qa.test.LoginTestcases" name="invalidPassword" time="0.0">
    <ignored/>
  </testcase> <!-- invalidPassword -->
  <testcase classname="com.qa.test.LoginTestcases" name="invalidEmailOrPhone" time="0.0">
    <ignored/>
  </testcase> <!-- invalidEmailOrPhone -->
</testsuite>
