<?xml version="1.0" encoding="UTF-8"?>
<!-- Generated by org.testng.reporters.JUnitXMLReporter -->
<testsuite ignored="0" hostname="Israel" failures="0" tests="4" name="Real Android" time="84.676" errors="0" timestamp="2023-11-28T09:38:30 WAT">
  <testcase classname="com.qa.test.LoginTestcases" name="invalidEmail" time="11.691"/>
  <testcase classname="com.qa.test.LoginTestcases" name="unregisteredEmail" time="12.572"/>
  <testcase classname="com.qa.test.LoginTestcases" name="invalidPassword" time="16.71"/>
  <testcase classname="com.qa.test.LoginTestcases" name="successfulLogin" time="16.435"/>
</testsuite> <!-- Real Android -->
