<?xml version="1.0" encoding="UTF-8"?>
<!-- Generated by org.testng.reporters.JUnitXMLReporter -->
<testsuite ignored="2" hostname="Israel" failures="0" tests="1" name="Test" time="81.897" errors="0" timestamp="2023-11-08T11:59:33 WAT">
  <testcase classname="com.qa.test.ProfileUpdate" name="successfulLogin" time="64.355"/>
  <testcase classname="com.qa.NewTest" name="@AfterTest afterTest" time="0.0">
    <ignored/>
  </testcase> <!-- @AfterTest afterTest -->
  <testcase classname="com.qa.NewTest" name="@BeforeTest beforeTest" time="0.0">
    <ignored/>
  </testcase> <!-- @BeforeTest beforeTest -->
</testsuite> <!-- Test -->
