<?xml version="1.0" encoding="UTF-8"?>
<testng-results ignored="0" total="1" passed="1" failed="0" skipped="0">
  <reporter-output>
  </reporter-output>
  <suite started-at="2023-11-06T15:09:11 WAT" name="Suite" finished-at="2023-11-06T15:09:56 WAT" duration-ms="45200">
    <groups>
    </groups>
    <test started-at="2023-11-06T15:09:11 WAT" name="Test" finished-at="2023-11-06T15:09:56 WAT" duration-ms="45200">
      <class name="com.qa.NewTest">
        <test-method is-config="true" signature="beforeTest()[pri:0, instance:com.qa.NewTest@1fa121e2]" started-at="2023-11-06T15:09:11 WAT" name="beforeTest" finished-at="2023-11-06T15:09:27 WAT" duration-ms="16580" status="PASS">
          <reporter-output>
          </reporter-output>
        </test-method> <!-- beforeTest -->
        <test-method is-config="true" signature="afterTest()[pri:0, instance:com.qa.NewTest@1fa121e2]" started-at="2023-11-06T15:09:55 WAT" name="afterTest" finished-at="2023-11-06T15:09:56 WAT" duration-ms="524" status="PASS">
          <reporter-output>
          </reporter-output>
        </test-method> <!-- afterTest -->
      </class> <!-- com.qa.NewTest -->
      <class name="com.qa.test.ProfileUpdate">
        <test-method is-config="true" signature="beforeClass()[pri:0, instance:com.qa.test.ProfileUpdate@5dda768f]" started-at="2023-11-06T15:09:27 WAT" name="beforeClass" finished-at="2023-11-06T15:09:27 WAT" duration-ms="5" status="PASS">
          <reporter-output>
          </reporter-output>
        </test-method> <!-- beforeClass -->
        <test-method is-config="true" signature="beforeMethod(java.lang.reflect.Method)[pri:0, instance:com.qa.test.ProfileUpdate@5dda768f]" started-at="2023-11-06T15:09:27 WAT" name="beforeMethod" finished-at="2023-11-06T15:09:28 WAT" duration-ms="783" status="PASS">
          <params>
            <param index="0">
              <value>
                <![CDATA[public void com.qa.test.ProfileUpdate.successfulLogin() throws java.lang.Exception]]>
              </value>
            </param>
          </params>
          <reporter-output>
          </reporter-output>
        </test-method> <!-- beforeMethod -->
        <test-method signature="successfulLogin()[pri:0, instance:com.qa.test.ProfileUpdate@5dda768f]" started-at="2023-11-06T15:09:28 WAT" name="successfulLogin" finished-at="2023-11-06T15:09:55 WAT" duration-ms="27279" status="PASS">
          <reporter-output>
          </reporter-output>
        </test-method> <!-- successfulLogin -->
        <test-method is-config="true" signature="afterMethod()[pri:0, instance:com.qa.test.ProfileUpdate@5dda768f]" started-at="2023-11-06T15:09:55 WAT" name="afterMethod" finished-at="2023-11-06T15:09:55 WAT" duration-ms="0" status="PASS">
          <reporter-output>
          </reporter-output>
        </test-method> <!-- afterMethod -->
        <test-method is-config="true" signature="afterClass()[pri:0, instance:com.qa.test.ProfileUpdate@5dda768f]" started-at="2023-11-06T15:09:55 WAT" name="afterClass" finished-at="2023-11-06T15:09:55 WAT" duration-ms="0" status="PASS">
          <reporter-output>
          </reporter-output>
        </test-method> <!-- afterClass -->
      </class> <!-- com.qa.test.ProfileUpdate -->
    </test> <!-- Test -->
  </suite> <!-- Suite -->
</testng-results>
