<?xml version="1.0" encoding="UTF-8"?>
<testng-results ignored="0" total="4" passed="4" failed="0" skipped="0">
  <reporter-output>
  </reporter-output>
  <suite started-at="2023-11-28T09:37:06 WAT" name="Suite" finished-at="2023-11-28T09:38:30 WAT" duration-ms="84676">
    <groups>
    </groups>
    <test started-at="2023-11-28T09:37:06 WAT" name="Real Android" finished-at="2023-11-28T09:38:30 WAT" duration-ms="84676">
      <class name="com.qa.test.LoginTestcases">
        <test-method is-config="true" signature="beforeTest(java.lang.String,java.lang.String,java.lang.String,java.lang.String,java.lang.String,java.lang.String,java.lang.String)[pri:0, instance:com.qa.test.LoginTestcases@3f56875e]" started-at="2023-11-28T09:37:06 WAT" name="beforeTest" finished-at="2023-11-28T09:37:23 WAT" duration-ms="17251" status="PASS">
          <params>
            <param index="0">
              <value>
                <![CDATA[false]]>
              </value>
            </param>
            <param index="1">
              <value>
                <![CDATA[Android]]>
              </value>
            </param>
            <param index="2">
              <value>
                <![CDATA[12]]>
              </value>
            </param>
            <param index="3">
              <value>
                <![CDATA[0977854319007987]]>
              </value>
            </param>
            <param index="4">
              <value>
                <![CDATA[Infinix SMART 7 PLUS]]>
              </value>
            </param>
            <param index="5">
              <value>
                <![CDATA[10000]]>
              </value>
            </param>
            <param index="6">
              <value>
                <![CDATA[11000]]>
              </value>
            </param>
          </params>
          <reporter-output>
          </reporter-output>
        </test-method> <!-- beforeTest -->
        <test-method is-config="true" signature="beforeClass()[pri:0, instance:com.qa.test.LoginTestcases@3f56875e]" started-at="2023-11-28T09:37:23 WAT" name="beforeClass" finished-at="2023-11-28T09:37:23 WAT" duration-ms="4" status="PASS">
          <reporter-output>
          </reporter-output>
        </test-method> <!-- beforeClass -->
        <test-method is-config="true" signature="beforeMethod()[pri:0, instance:com.qa.test.LoginTestcases@3f56875e]" started-at="2023-11-28T09:37:23 WAT" name="beforeMethod" finished-at="2023-11-28T09:37:24 WAT" duration-ms="817" status="PASS">
          <reporter-output>
          </reporter-output>
        </test-method> <!-- beforeMethod -->
        <test-method is-config="true" signature="beforeMethod(java.lang.reflect.Method)[pri:0, instance:com.qa.test.LoginTestcases@3f56875e]" started-at="2023-11-28T09:37:24 WAT" name="beforeMethod" finished-at="2023-11-28T09:37:24 WAT" duration-ms="376" status="PASS">
          <params>
            <param index="0">
              <value>
                <![CDATA[public void com.qa.test.LoginTestcases.invalidEmail()]]>
              </value>
            </param>
          </params>
          <reporter-output>
          </reporter-output>
        </test-method> <!-- beforeMethod -->
        <test-method signature="invalidEmail()[pri:1, instance:com.qa.test.LoginTestcases@3f56875e]" started-at="2023-11-28T09:37:24 WAT" name="invalidEmail" finished-at="2023-11-28T09:37:36 WAT" duration-ms="11691" status="PASS">
          <reporter-output>
          </reporter-output>
        </test-method> <!-- invalidEmail -->
        <test-method is-config="true" signature="afterMethod(org.testng.ITestResult)[pri:0, instance:com.qa.test.LoginTestcases@3f56875e]" started-at="2023-11-28T09:37:36 WAT" name="afterMethod" finished-at="2023-11-28T09:37:37 WAT" duration-ms="1345" status="PASS">
          <params>
            <param index="0">
              <value>
                <![CDATA[[TestResult name=invalidEmail status=SUCCESS method=LoginTestcases.invalidEmail()[pri:1, instance:com.qa.test.LoginTestcases@3f56875e] output={null}]]]>
              </value>
            </param>
          </params>
          <reporter-output>
          </reporter-output>
        </test-method> <!-- afterMethod -->
        <test-method is-config="true" signature="afterMethod(java.lang.reflect.Method)[pri:0, instance:com.qa.test.LoginTestcases@3f56875e]" started-at="2023-11-28T09:37:36 WAT" name="afterMethod" finished-at="2023-11-28T09:37:36 WAT" duration-ms="0" status="PASS">
          <params>
            <param index="0">
              <value>
                <![CDATA[public void com.qa.test.LoginTestcases.invalidEmail()]]>
              </value>
            </param>
          </params>
          <reporter-output>
          </reporter-output>
        </test-method> <!-- afterMethod -->
        <test-method is-config="true" signature="beforeMethod()[pri:0, instance:com.qa.test.LoginTestcases@3f56875e]" started-at="2023-11-28T09:37:37 WAT" name="beforeMethod" finished-at="2023-11-28T09:37:38 WAT" duration-ms="739" status="PASS">
          <reporter-output>
          </reporter-output>
        </test-method> <!-- beforeMethod -->
        <test-method is-config="true" signature="beforeMethod(java.lang.reflect.Method)[pri:0, instance:com.qa.test.LoginTestcases@3f56875e]" started-at="2023-11-28T09:37:38 WAT" name="beforeMethod" finished-at="2023-11-28T09:37:38 WAT" duration-ms="64" status="PASS">
          <params>
            <param index="0">
              <value>
                <![CDATA[public void com.qa.test.LoginTestcases.unregisteredEmail()]]>
              </value>
            </param>
          </params>
          <reporter-output>
          </reporter-output>
        </test-method> <!-- beforeMethod -->
        <test-method signature="unregisteredEmail()[pri:2, instance:com.qa.test.LoginTestcases@3f56875e]" started-at="2023-11-28T09:37:38 WAT" name="unregisteredEmail" finished-at="2023-11-28T09:37:51 WAT" duration-ms="12572" status="PASS">
          <reporter-output>
          </reporter-output>
        </test-method> <!-- unregisteredEmail -->
        <test-method is-config="true" signature="afterMethod(java.lang.reflect.Method)[pri:0, instance:com.qa.test.LoginTestcases@3f56875e]" started-at="2023-11-28T09:37:51 WAT" name="afterMethod" finished-at="2023-11-28T09:37:51 WAT" duration-ms="2" status="PASS">
          <params>
            <param index="0">
              <value>
                <![CDATA[public void com.qa.test.LoginTestcases.unregisteredEmail()]]>
              </value>
            </param>
          </params>
          <reporter-output>
          </reporter-output>
        </test-method> <!-- afterMethod -->
        <test-method is-config="true" signature="afterMethod(org.testng.ITestResult)[pri:0, instance:com.qa.test.LoginTestcases@3f56875e]" started-at="2023-11-28T09:37:51 WAT" name="afterMethod" finished-at="2023-11-28T09:37:52 WAT" duration-ms="1443" status="PASS">
          <params>
            <param index="0">
              <value>
                <![CDATA[[TestResult name=unregisteredEmail status=SUCCESS method=LoginTestcases.unregisteredEmail()[pri:2, instance:com.qa.test.LoginTestcases@3f56875e] output={null}]]]>
              </value>
            </param>
          </params>
          <reporter-output>
          </reporter-output>
        </test-method> <!-- afterMethod -->
        <test-method is-config="true" signature="beforeMethod()[pri:0, instance:com.qa.test.LoginTestcases@3f56875e]" started-at="2023-11-28T09:37:52 WAT" name="beforeMethod" finished-at="2023-11-28T09:37:53 WAT" duration-ms="766" status="PASS">
          <reporter-output>
          </reporter-output>
        </test-method> <!-- beforeMethod -->
        <test-method is-config="true" signature="beforeMethod(java.lang.reflect.Method)[pri:0, instance:com.qa.test.LoginTestcases@3f56875e]" started-at="2023-11-28T09:37:53 WAT" name="beforeMethod" finished-at="2023-11-28T09:37:53 WAT" duration-ms="52" status="PASS">
          <params>
            <param index="0">
              <value>
                <![CDATA[public void com.qa.test.LoginTestcases.invalidPassword()]]>
              </value>
            </param>
          </params>
          <reporter-output>
          </reporter-output>
        </test-method> <!-- beforeMethod -->
        <test-method signature="invalidPassword()[pri:3, instance:com.qa.test.LoginTestcases@3f56875e]" started-at="2023-11-28T09:37:53 WAT" name="invalidPassword" finished-at="2023-11-28T09:38:10 WAT" duration-ms="16710" status="PASS">
          <reporter-output>
          </reporter-output>
        </test-method> <!-- invalidPassword -->
        <test-method is-config="true" signature="afterMethod(java.lang.reflect.Method)[pri:0, instance:com.qa.test.LoginTestcases@3f56875e]" started-at="2023-11-28T09:38:10 WAT" name="afterMethod" finished-at="2023-11-28T09:38:10 WAT" duration-ms="0" status="PASS">
          <params>
            <param index="0">
              <value>
                <![CDATA[public void com.qa.test.LoginTestcases.invalidPassword()]]>
              </value>
            </param>
          </params>
          <reporter-output>
          </reporter-output>
        </test-method> <!-- afterMethod -->
        <test-method is-config="true" signature="afterMethod(org.testng.ITestResult)[pri:0, instance:com.qa.test.LoginTestcases@3f56875e]" started-at="2023-11-28T09:38:10 WAT" name="afterMethod" finished-at="2023-11-28T09:38:10 WAT" duration-ms="850" status="PASS">
          <params>
            <param index="0">
              <value>
                <![CDATA[[TestResult name=invalidPassword status=SUCCESS method=LoginTestcases.invalidPassword()[pri:3, instance:com.qa.test.LoginTestcases@3f56875e] output={null}]]]>
              </value>
            </param>
          </params>
          <reporter-output>
          </reporter-output>
        </test-method> <!-- afterMethod -->
        <test-method is-config="true" signature="beforeMethod()[pri:0, instance:com.qa.test.LoginTestcases@3f56875e]" started-at="2023-11-28T09:38:10 WAT" name="beforeMethod" finished-at="2023-11-28T09:38:11 WAT" duration-ms="761" status="PASS">
          <reporter-output>
          </reporter-output>
        </test-method> <!-- beforeMethod -->
        <test-method is-config="true" signature="beforeMethod(java.lang.reflect.Method)[pri:0, instance:com.qa.test.LoginTestcases@3f56875e]" started-at="2023-11-28T09:38:11 WAT" name="beforeMethod" finished-at="2023-11-28T09:38:11 WAT" duration-ms="53" status="PASS">
          <params>
            <param index="0">
              <value>
                <![CDATA[public void com.qa.test.LoginTestcases.successfulLogin() throws java.lang.Exception]]>
              </value>
            </param>
          </params>
          <reporter-output>
          </reporter-output>
        </test-method> <!-- beforeMethod -->
        <test-method signature="successfulLogin()[pri:4, instance:com.qa.test.LoginTestcases@3f56875e]" started-at="2023-11-28T09:38:11 WAT" name="successfulLogin" finished-at="2023-11-28T09:38:28 WAT" duration-ms="16435" status="PASS">
          <reporter-output>
          </reporter-output>
        </test-method> <!-- successfulLogin -->
        <test-method is-config="true" signature="afterMethod(java.lang.reflect.Method)[pri:0, instance:com.qa.test.LoginTestcases@3f56875e]" started-at="2023-11-28T09:38:28 WAT" name="afterMethod" finished-at="2023-11-28T09:38:28 WAT" duration-ms="0" status="PASS">
          <params>
            <param index="0">
              <value>
                <![CDATA[public void com.qa.test.LoginTestcases.successfulLogin() throws java.lang.Exception]]>
              </value>
            </param>
          </params>
          <reporter-output>
          </reporter-output>
        </test-method> <!-- afterMethod -->
        <test-method is-config="true" signature="afterMethod(org.testng.ITestResult)[pri:0, instance:com.qa.test.LoginTestcases@3f56875e]" started-at="2023-11-28T09:38:28 WAT" name="afterMethod" finished-at="2023-11-28T09:38:29 WAT" duration-ms="1587" status="PASS">
          <params>
            <param index="0">
              <value>
                <![CDATA[[TestResult name=successfulLogin status=SUCCESS method=LoginTestcases.successfulLogin()[pri:4, instance:com.qa.test.LoginTestcases@3f56875e] output={null}]]]>
              </value>
            </param>
          </params>
          <reporter-output>
          </reporter-output>
        </test-method> <!-- afterMethod -->
        <test-method is-config="true" signature="afterClass()[pri:0, instance:com.qa.test.LoginTestcases@3f56875e]" started-at="2023-11-28T09:38:29 WAT" name="afterClass" finished-at="2023-11-28T09:38:30 WAT" duration-ms="671" status="PASS">
          <reporter-output>
          </reporter-output>
        </test-method> <!-- afterClass -->
        <test-method is-config="true" signature="afterTest()[pri:0, instance:com.qa.test.LoginTestcases@3f56875e]" started-at="2023-11-28T09:38:30 WAT" name="afterTest" finished-at="2023-11-28T09:38:30 WAT" duration-ms="442" status="PASS">
          <reporter-output>
          </reporter-output>
        </test-method> <!-- afterTest -->
      </class> <!-- com.qa.test.LoginTestcases -->
    </test> <!-- Real Android -->
  </suite> <!-- Suite -->
</testng-results>
